[    0.000000] Linux version 4.15.0-177-generic (buildd@ubuntu) (gcc version 7.5.0 (Ubuntu 7.5.0-3ubuntu1~18.04)) #186-Ubuntu SMP Thu Apr 14 20:23:07 UTC 2022 (Ubuntu 4.15.0-177.186-generic 4.15.18)
[    0.000000] Command line: BOOT_IMAGE=/boot/vmlinuz-4.15.0-177-generic root=LABEL=cloudimg-rootfs ro console=tty1 console=ttyS0
[    0.000000] KERNEL supported cpus:
[    0.000000]   Intel GenuineIntel
[    0.000000]   AMD AuthenticAMD
[    0.000000]   Centaur CentaurHauls
[    0.000000] x86/fpu: x87 FPU will use FXSAVE
[    0.000000] e820: BIOS-provided physical RAM map:
[    0.000000] BIOS-e820: [mem 0x0000000000000000-0x000000000009fbff] usable
[    0.000000] BIOS-e820: [mem 0x000000000009fc00-0x000000000009ffff] reserved
[    0.000000] BIOS-e820: [mem 0x00000000000f0000-0x00000000000fffff] reserved
[    0.000000] BIOS-e820: [mem 0x0000000000100000-0x000000007ffeffff] usable
[    0.000000] BIOS-e820: [mem 0x000000007fff0000-0x000000007fffffff] ACPI data
[    0.000000] BIOS-e820: [mem 0x00000000fec00000-0x00000000fec00fff] reserved
[    0.000000] BIOS-e820: [mem 0x00000000fee00000-0x00000000fee00fff] reserved
[    0.000000] BIOS-e820: [mem 0x00000000fffc0000-0x00000000ffffffff] reserved
[    0.000000] NX (Execute Disable) protection: active
[    0.000000] SMBIOS 2.5 present.
[    0.000000] DMI: innotek GmbH VirtualBox/VirtualBox, BIOS VirtualBox 12/01/2006
[    0.000000] Hypervisor detected: KVM
[    0.000000] e820: last_pfn = 0x7fff0 max_arch_pfn = 0x400000000
[    0.000000] MTRR: Disabled
[    0.000000] x86/PAT: MTRRs disabled, skipping PAT initialization too.
[    0.000000] CPU MTRRs all blank - virtualized system.
[    0.000000] x86/PAT: Configuration [0-7]: WB  WT  UC- UC  WB  WT  UC- UC  
[    0.000000] found SMP MP-table at [mem 0x0009fff0-0x0009ffff]
[    0.000000] Scanning 1 areas for low memory corruption
[    0.000000] RAMDISK: [mem 0x359c9000-0x36cdbfff]
[    0.000000] ACPI: Early table checksum verification disabled
[    0.000000] ACPI: RSDP 0x00000000000E0000 000024 (v02 VBOX  )
[    0.000000] ACPI: XSDT 0x000000007FFF0030 00003C (v01 VBOX   VBOXXSDT 00000001 ASL  00000061)
[    0.000000] ACPI: FACP 0x000000007FFF00F0 0000F4 (v04 VBOX   VBOXFACP 00000001 ASL  00000061)
[    0.000000] ACPI: DSDT 0x000000007FFF0470 002325 (v02 VBOX   VBOXBIOS 00000002 INTL 20100528)
[    0.000000] ACPI: FACS 0x000000007FFF0200 000040
[    0.000000] ACPI: FACS 0x000000007FFF0200 000040
[    0.000000] ACPI: APIC 0x000000007FFF0240 00005C (v02 VBOX   VBOXAPIC 00000001 ASL  00000061)
[    0.000000] ACPI: SSDT 0x000000007FFF02A0 0001CC (v01 VBOX   VBOXCPUT 00000002 INTL 20100528)
[    0.000000] ACPI: Reserving FACP table memory at [mem 0x7fff00f0-0x7fff01e3]
[    0.000000] ACPI: Reserving DSDT table memory at [mem 0x7fff0470-0x7fff2794]
[    0.000000] ACPI: Reserving FACS table memory at [mem 0x7fff0200-0x7fff023f]
[    0.000000] ACPI: Reserving FACS table memory at [mem 0x7fff0200-0x7fff023f]
[    0.000000] ACPI: Reserving APIC table memory at [mem 0x7fff0240-0x7fff029b]
[    0.000000] ACPI: Reserving SSDT table memory at [mem 0x7fff02a0-0x7fff046b]
[    0.000000] No NUMA configuration found
[    0.000000] Faking a node at [mem 0x0000000000000000-0x000000007ffeffff]
[    0.000000] NODE_DATA(0) allocated [mem 0x7ffc5000-0x7ffeffff]
[    0.000000] kvm-clock: cpu 0, msr 0:7ff44001, primary cpu clock
[    0.000000] kvm-clock: Using msrs 4b564d01 and 4b564d00
[    0.000000] kvm-clock: using sched offset of 4881208159 cycles
[    0.000000] clocksource: kvm-clock: mask: 0xffffffffffffffff max_cycles: 0x1cd42e4dffb, max_idle_ns: 881590591483 ns
[    0.000000] Zone ranges:
[    0.000000]   DMA      [mem 0x0000000000001000-0x0000000000ffffff]
[    0.000000]   DMA32    [mem 0x0000000001000000-0x000000007ffeffff]
[    0.000000]   Normal   empty
[    0.000000]   Device   empty
[    0.000000] Movable zone start for each node
[    0.000000] Early memory node ranges
[    0.000000]   node   0: [mem 0x0000000000001000-0x000000000009efff]
[    0.000000]   node   0: [mem 0x0000000000100000-0x000000007ffeffff]
[    0.000000] Reserved but unavailable: 104 pages
[    0.000000] Initmem setup node 0 [mem 0x0000000000001000-0x000000007ffeffff]
[    0.000000] ACPI: PM-Timer IO Port: 0x4008
[    0.000000] IOAPIC[0]: apic_id 2, version 32, address 0xfec00000, GSI 0-23
[    0.000000] ACPI: INT_SRC_OVR (bus 0 bus_irq 0 global_irq 2 dfl dfl)
[    0.000000] ACPI: INT_SRC_OVR (bus 0 bus_irq 9 global_irq 9 low level)
[    0.000000] Using ACPI (MADT) for SMP configuration information
[    0.000000] smpboot: Allowing 2 CPUs, 0 hotplug CPUs
[    0.000000] PM: Registered nosave memory: [mem 0x00000000-0x00000fff]
[    0.000000] PM: Registered nosave memory: [mem 0x0009f000-0x0009ffff]
[    0.000000] PM: Registered nosave memory: [mem 0x000a0000-0x000effff]
[    0.000000] PM: Registered nosave memory: [mem 0x000f0000-0x000fffff]
[    0.000000] e820: [mem 0x80000000-0xfebfffff] available for PCI devices
[    0.000000] Booting paravirtualized kernel on KVM
[    0.000000] clocksource: refined-jiffies: mask: 0xffffffff max_cycles: 0xffffffff, max_idle_ns: 7645519600211568 ns
[    0.000000] random: get_random_bytes called from start_kernel+0x99/0x500 with crng_init=0
[    0.000000] setup_percpu: NR_CPUS:8192 nr_cpumask_bits:2 nr_cpu_ids:2 nr_node_ids:1
[    0.000000] percpu: Embedded 50 pages/cpu s167936 r8192 d28672 u1048576
[    0.000000] PV qspinlock hash table entries: 256 (order: 0, 4096 bytes)
[    0.000000] Built 1 zonelists, mobility grouping on.  Total pages: 515961
[    0.000000] Policy zone: DMA32
[    0.000000] Kernel command line: BOOT_IMAGE=/boot/vmlinuz-4.15.0-177-generic root=LABEL=cloudimg-rootfs ro console=tty1 console=ttyS0
[    0.000000] Memory: 2014836K/2096696K available (12300K kernel code, 2484K rwdata, 4324K rodata, 2468K init, 2724K bss, 81860K reserved, 0K cma-reserved)
[    0.000000] SLUB: HWalign=64, Order=0-3, MinObjects=0, CPUs=2, Nodes=1
[    0.000000] Kernel/User page tables isolation: enabled
[    0.000000] ftrace: allocating 39506 entries in 155 pages
[    0.004000] Hierarchical RCU implementation.
[    0.004000] 	RCU restricting CPUs from NR_CPUS=8192 to nr_cpu_ids=2.
[    0.004000] 	Tasks RCU enabled.
[    0.004000] RCU: Adjusting geometry for rcu_fanout_leaf=16, nr_cpu_ids=2
[    0.004000] NR_IRQS: 524544, nr_irqs: 440, preallocated irqs: 16
[    0.004000] Console: colour VGA+ 80x25
[    0.004000] console [tty1] enabled
[    0.004000] console [ttyS0] enabled
[    0.004000] ACPI: Core revision 20170831
[    0.004000] ACPI: 2 ACPI AML tables successfully acquired and loaded
[    0.004000] APIC: Switch to symmetric I/O mode setup
[    0.004000] ..TIMER: vector=0x30 apic1=0 pin1=2 apic2=-1 pin2=-1
[    0.004000] tsc: Detected 2494.228 MHz processor
[    0.004000] Calibrating delay loop (skipped) preset value.. 4988.45 BogoMIPS (lpj=9976912)
[    0.004000] pid_max: default: 32768 minimum: 301
[    0.004000] Security Framework initialized
[    0.004000] Yama: becoming mindful.
[    0.004000] AppArmor: AppArmor initialized
[    0.004000] Dentry cache hash table entries: 262144 (order: 9, 2097152 bytes)
[    0.004000] Inode-cache hash table entries: 131072 (order: 8, 1048576 bytes)
[    0.004000] Mount-cache hash table entries: 4096 (order: 3, 32768 bytes)
[    0.004000] Mountpoint-cache hash table entries: 4096 (order: 3, 32768 bytes)
[    0.005829] Last level iTLB entries: 4KB 1024, 2MB 1024, 4MB 1024
[    0.008000] Last level dTLB entries: 4KB 1024, 2MB 1024, 4MB 1024, 1GB 4
[    0.008000] Spectre V1 : Mitigation: usercopy/swapgs barriers and __user pointer sanitization
[    0.008000] Spectre V2 : Mitigation: Retpolines
[    0.008000] Spectre V2 : Spectre v2 / SpectreRSB mitigation: Filling RSB on context switch
[    0.008000] Speculative Store Bypass: Vulnerable
[    0.008000] MDS: Mitigation: Clear CPU buffers
[    0.008000] Freeing SMP alternatives memory: 36K
[    0.020000] APIC calibration not consistent with PM-Timer: 109ms instead of 100ms
[    0.020000] APIC delta adjusted to PM-Timer: 6449401 (7077650)
[    0.020000] smpboot: CPU0: Intel(R) Core(TM) i7-4710HQ CPU @ 2.50GHz (family: 0x6, model: 0x3c, stepping: 0x3)
[    0.020000] Performance Events: unsupported p6 CPU model 60 no PMU driver, software events only.
[    0.020000] Hierarchical SRCU implementation.
[    0.020000] NMI watchdog: Perf event create on CPU 0 failed with -2
[    0.020000] NMI watchdog: Perf NMI watchdog permanently disabled
[    0.020000] smp: Bringing up secondary CPUs ...
[    0.020000] x86: Booting SMP configuration:
[    0.020000] .... node  #0, CPUs:      #1
[    0.004000] kvm-clock: cpu 1, msr 0:7ff44041, secondary cpu clock
[    0.028156] smp: Brought up 1 node, 2 CPUs
[    0.032000] smpboot: Max logical packages: 1
[    0.032000] smpboot: Total of 2 processors activated (9976.91 BogoMIPS)
[    0.032862] devtmpfs: initialized
[    0.036000] x86/mm: Memory block size: 128MB
[    0.036000] evm: security.selinux
[    0.036000] evm: security.SMACK64
[    0.036000] evm: security.SMACK64EXEC
[    0.036000] evm: security.SMACK64TRANSMUTE
[    0.036000] evm: security.SMACK64MMAP
[    0.036000] evm: security.apparmor
[    0.036000] evm: security.ima
[    0.036000] evm: security.capability
[    0.036844] clocksource: jiffies: mask: 0xffffffff max_cycles: 0xffffffff, max_idle_ns: 7645041785100000 ns
[    0.040000] futex hash table entries: 512 (order: 3, 32768 bytes)
[    0.040000] pinctrl core: initialized pinctrl subsystem
[    0.040000] RTC time:  8:19:44, date: 05/25/22
[    0.040000] NET: Registered protocol family 16
[    0.040000] audit: initializing netlink subsys (disabled)
[    0.040000] audit: type=2000 audit(1653466789.661:1): state=initialized audit_enabled=0 res=1
[    0.060071] cpuidle: using governor ladder
[    0.064000] cpuidle: using governor menu
[    0.064000] ACPI: bus type PCI registered
[    0.064000] acpiphp: ACPI Hot Plug PCI Controller Driver version: 0.5
[    0.064000] PCI: Using configuration type 1 for base access
[    0.072741] HugeTLB registered 2.00 MiB page size, pre-allocated 0 pages
[    0.084405] ACPI: Added _OSI(Module Device)
[    0.088000] ACPI: Added _OSI(Processor Device)
[    0.088000] ACPI: Added _OSI(3.0 _SCP Extensions)
[    0.088000] ACPI: Added _OSI(Processor Aggregator Device)
[    0.088000] ACPI: Added _OSI(Linux-Dell-Video)
[    0.088000] ACPI: Added _OSI(Linux-Lenovo-NV-HDMI-Audio)
[    0.088000] ACPI: Added _OSI(Linux-HPI-Hybrid-Graphics)
[    0.089391] ACPI: Executed 1 blocks of module-level executable AML code
[    0.096084] ACPI: Interpreter enabled
[    0.100000] ACPI: (supports S0 S5)
[    0.100000] ACPI: Using IOAPIC for interrupt routing
[    0.100569] PCI: Using host bridge windows from ACPI; if necessary, use "pci=nocrs" and report a bug
[    0.104000] ACPI: Enabled 2 GPEs in block 00 to 07
[    0.123061] ACPI: PCI Root Bridge [PCI0] (domain 0000 [bus 00-ff])
[    0.124000] acpi PNP0A03:00: _OSC: OS supports [ASPM ClockPM Segments MSI]
[    0.129014] acpi PNP0A03:00: _OSC: not requesting OS control; OS requires [ExtendedConfig ASPM ClockPM MSI]
[    0.132000] acpi PNP0A03:00: fail to add MMCONFIG information, can't access extended PCI configuration space under this bridge.
[    0.133114] PCI host bridge to bus 0000:00
[    0.136000] pci_bus 0000:00: root bus resource [io  0x0000-0x0cf7 window]
[    0.136000] pci_bus 0000:00: root bus resource [io  0x0d00-0xffff window]
[    0.136000] pci_bus 0000:00: root bus resource [mem 0x000a0000-0x000bffff window]
[    0.136000] pci_bus 0000:00: root bus resource [mem 0x80000000-0xfdffffff window]
[    0.136000] pci_bus 0000:00: root bus resource [bus 00-ff]
[    0.148000] pci 0000:00:01.1: legacy IDE quirk: reg 0x10: [io  0x01f0-0x01f7]
[    0.148000] pci 0000:00:01.1: legacy IDE quirk: reg 0x14: [io  0x03f6]
[    0.148000] pci 0000:00:01.1: legacy IDE quirk: reg 0x18: [io  0x0170-0x0177]
[    0.148000] pci 0000:00:01.1: legacy IDE quirk: reg 0x1c: [io  0x0376]
[    0.172000] pci 0000:00:07.0: quirk: [io  0x4000-0x403f] claimed by PIIX4 ACPI
[    0.172000] pci 0000:00:07.0: quirk: [io  0x4100-0x410f] claimed by PIIX4 SMB
[    0.185341] ACPI: PCI Interrupt Link [LNKA] (IRQs 5 9 10 *11)
[    0.188741] ACPI: PCI Interrupt Link [LNKB] (IRQs 5 9 *10 11)
[    0.192000] ACPI: PCI Interrupt Link [LNKC] (IRQs 5 *9 10 11)
[    0.192000] ACPI: PCI Interrupt Link [LNKD] (IRQs 5 9 10 *11)
[    0.192000] SCSI subsystem initialized
[    0.196262] pci 0000:00:02.0: vgaarb: setting as boot VGA device
[    0.200000] pci 0000:00:02.0: vgaarb: VGA device added: decodes=io+mem,owns=io+mem,locks=none
[    0.200000] pci 0000:00:02.0: vgaarb: bridge control possible
[    0.200000] vgaarb: loaded
[    0.200000] ACPI: bus type USB registered
[    0.200000] usbcore: registered new interface driver usbfs
[    0.200000] usbcore: registered new interface driver hub
[    0.200000] usbcore: registered new device driver usb
[    0.204349] EDAC MC: Ver: 3.0.0
[    0.212436] PCI: Using ACPI for IRQ routing
[    0.216577] NetLabel: Initializing
[    0.220000] NetLabel:  domain hash size = 128
[    0.220000] NetLabel:  protocols = UNLABELED CIPSOv4 CALIPSO
[    0.220000] NetLabel:  unlabeled traffic allowed by default
[    0.224312] clocksource: Switched to clocksource kvm-clock
[    0.228000] VFS: Disk quotas dquot_6.6.0
[    0.228000] VFS: Dquot-cache hash table entries: 512 (order 0, 4096 bytes)
[    0.228000] AppArmor: AppArmor Filesystem Enabled
[    0.228000] pnp: PnP ACPI init
[    0.323226] pnp: PnP ACPI: found 3 devices
[    0.393842] clocksource: acpi_pm: mask: 0xffffff max_cycles: 0xffffff, max_idle_ns: 2085701024 ns
[    0.396807] NET: Registered protocol family 2
[    0.396807] IP idents hash table entries: 32768 (order: 6, 262144 bytes)
[    0.396807] TCP established hash table entries: 16384 (order: 5, 131072 bytes)
[    0.425587] TCP bind hash table entries: 16384 (order: 6, 262144 bytes)
[    0.425587] TCP: Hash tables configured (established 16384 bind 16384)
[    0.425587] UDP hash table entries: 1024 (order: 3, 32768 bytes)
[    0.425587] UDP-Lite hash table entries: 1024 (order: 3, 32768 bytes)
[    0.425587] NET: Registered protocol family 1
[    0.425587] pci 0000:00:00.0: Limiting direct PCI/PCI transfers
[    0.425587] pci 0000:00:01.0: Activating ISA DMA hang workarounds
[    0.425587] pci 0000:00:02.0: Video device with shadowed ROM at [mem 0x000c0000-0x000dffff]
[    0.425587] Unpacking initramfs...
[    1.028328] Freeing initrd memory: 19532K
[    1.195278] clocksource: tsc: mask: 0xffffffffffffffff max_cycles: 0x23f3ed6cc7b, max_idle_ns: 440795302954 ns
[    1.199037] platform rtc_cmos: registered platform RTC device (no PNP device found)
[    1.199037] Scanning for low memory corruption every 60 seconds
[    1.229848] Initialise system trusted keyrings
[    1.232758] Key type blacklist registered
[    1.244513] workingset: timestamp_bits=36 max_order=19 bucket_order=0
[    1.247489] zbud: loaded
[    1.263602] squashfs: version 4.0 (2009/01/31) Phillip Lougher
[    1.273265] fuse init (API version 7.26)
[    1.309089] Key type asymmetric registered
[    1.313076] Asymmetric key parser 'x509' registered
[    1.316947] Block layer SCSI generic (bsg) driver version 0.4 loaded (major 246)
[    1.334617] io scheduler noop registered
[    1.338603] io scheduler deadline registered
[    1.340388] io scheduler cfq registered (default)
[    1.353925] ACPI: AC Adapter [AC] (on-line)
[    1.357086] input: Power Button as /devices/LNXSYSTM:00/LNXPWRBN:00/input/input0
[    1.372633] ACPI: Power Button [PWRF]
[    1.377796] input: Sleep Button as /devices/LNXSYSTM:00/LNXSLPBN:00/input/input1
[    1.381693] ACPI: Sleep Button [SLPF]
[    1.395927] Serial: 8250/16550 driver, 32 ports, IRQ sharing enabled
[    1.399079] ACPI: Battery Slot [BAT0] (battery present)
[    1.441258] 00:02: ttyS0 at I/O 0x3f8 (irq = 4, base_baud = 115200) is a 16550A
[    1.479327] Linux agpgart interface v0.103
[    1.499345] loop: module loaded
[    1.508527] scsi host0: ata_piix
[    1.515491] scsi host1: ata_piix
[    1.519478] ata1: PATA max UDMA/33 cmd 0x1f0 ctl 0x3f6 bmdma 0xd000 irq 14
[    1.521114] ata2: PATA max UDMA/33 cmd 0x170 ctl 0x376 bmdma 0xd008 irq 15
[    1.536733] tun: Universal TUN/TAP device driver, 1.6
[    1.550595] PPP generic driver version 2.4.2
[    1.554573] ehci_hcd: USB 2.0 'Enhanced' Host Controller (EHCI) Driver
[    1.554573] ehci-pci: EHCI PCI platform driver
[    1.554573] ehci-platform: EHCI generic platform driver
[    1.554573] ohci_hcd: USB 1.1 'Open' Host Controller (OHCI) Driver
[    1.554573] ohci-pci: OHCI PCI platform driver
[    1.554573] ohci-platform: OHCI generic platform driver
[    1.554573] uhci_hcd: USB Universal Host Controller Interface driver
[    1.554573] i8042: PNP: PS/2 Controller [PNP0303:PS2K,PNP0f03:PS2M] at 0x60,0x64 irq 1,12
[    1.638760] serio: i8042 KBD port at 0x60,0x64 irq 1
[    1.640088] serio: i8042 AUX port at 0x60,0x64 irq 12
[    1.640088] mousedev: PS/2 mouse device common for all mice
[    1.663366] rtc_cmos rtc_cmos: rtc core: registered rtc_cmos as rtc0
[    1.665512] rtc_cmos rtc_cmos: alarms up to one day, 114 bytes nvram
[    1.665512] i2c /dev entries driver
[    1.665512] device-mapper: uevent: version 1.0.3
[    1.665512] device-mapper: ioctl: 4.37.0-ioctl (2017-09-20) initialised: dm-devel@redhat.com
[    1.713173] ledtrig-cpu: registered to indicate activity on CPUs
[    1.752382] NET: Registered protocol family 10
[    1.780838] input: AT Translated Set 2 keyboard as /devices/platform/i8042/serio0/input/input2
[    1.808326] Segment Routing with IPv6
[    1.812314] NET: Registered protocol family 17
[    1.820809] Key type dns_resolver registered
[    1.827527] mce: Using 0 MCE banks
[    1.831186] RAS: Correctable Errors collector initialized.
[    1.831186] sched_clock: Marking stable (1827186111, 0)->(3860111640, -2032925529)
[    1.858728] registered taskstats version 1
[    1.865592] Loading compiled-in X.509 certificates
[    1.880685] Loaded X.509 cert 'Build time autogenerated kernel key: bf7408fbf6fb1533149f8498a029058066c47156'
[    1.896511] Loaded X.509 cert 'Canonical Ltd. Live Patch Signing: 14df34d1a87cf37625abec039ef2bf521249b969'
[    1.912379] Loaded X.509 cert 'Canonical Ltd. Kernel Module Signing: 88f752e560a1e0737e31163a466ad7b70a850c19'
[    1.927924] blacklist: Loading compiled-in revocation X.509 certificates
[    1.938466] Loaded X.509 cert 'Canonical Ltd. Secure Boot Signing: 61482aa2830d0ab2ad5af10b7250da9033ddcef0'
[    1.953810] zswap: loaded using pool lzo/zbud
[    1.976383] Key type big_key registered
[    1.981784] Key type trusted registered
[    1.992254] Key type encrypted registered
[    1.997837] AppArmor: AppArmor sha1 policy hashing enabled
[    2.005369] ima: No TPM chip found, activating TPM-bypass! (rc=-19)
[    2.013991] ima: Allocated hash algorithm: sha1
[    2.020540] evm: HMAC attrs: 0x1
[    2.026694]   Magic number: 6:989:321
[    2.032523] tty tty46: hash matches
[    2.039183] pci 0000:00:02.0: hash matches
[    2.046635] rtc_cmos rtc_cmos: setting system clock to 2022-05-25 08:19:46 UTC (1653466786)
[    2.059766] BIOS EDD facility v0.16 2004-Jun-25, 0 devices found
[    2.068135] EDD information not available.
[    2.079127] Freeing unused kernel image memory: 2468K
[    2.101039] Write protecting the kernel read-only data: 20480k
[    2.110517] Freeing unused kernel image memory: 2008K
[    2.119489] Freeing unused kernel image memory: 1820K
[    2.135840] x86/mm: Checked W+X mappings: passed, no W+X pages found.
[    2.147361] x86/mm: Checking user space page tables
[    2.163157] x86/mm: Checked W+X mappings: passed, no W+X pages found.
Loading, please wait...
starting version 237
[    2.363554] e1000: Intel(R) PRO/1000 Network Driver - version 7.3.21-k8-NAPI
[    2.372289] e1000: Copyright (c) 1999-2006 Intel Corporation.
[    2.392730] Fusion MPT base driver 3.04.20
[    2.398138] Copyright (c) 1999-2008 LSI Corporation
[    2.464703] Fusion MPT SPI Host driver 3.04.20
[    2.700573] input: ImExPS/2 Generic Explorer Mouse as /devices/platform/i8042/serio1/input/input4
[    3.347058] e1000 0000:00:03.0 eth0: (PCI:33MHz:32-bit) 02:7b:b6:d3:df:31
[    3.357801] e1000 0000:00:03.0 eth0: Intel(R) PRO/1000 Network Connection
[    3.370740] mptbase: ioc0: Initiating bringup
[    3.479932] ioc0: LSI53C1030 A0: Capabilities={Initiator}
[    3.744966] scsi host2: ioc0: LSI53C1030 A0, FwRev=00000000h, Ports=1, MaxQ=256, IRQ=20
[    3.927836] scsi 2:0:0:0: Direct-Access     VBOX     HARDDISK         1.0  PQ: 0 ANSI: 5
[    3.973020] scsi target2:0:0: Beginning Domain Validation
[    3.996764] scsi target2:0:0: Domain Validation skipping write tests
[    4.009021] scsi target2:0:0: Ending Domain Validation
[    4.021466] scsi target2:0:0: asynchronous
[    4.034815] scsi 2:0:1:0: Direct-Access     VBOX     HARDDISK         1.0  PQ: 0 ANSI: 5
[    4.388355] scsi target2:0:1: Beginning Domain Validation
[    4.412319] scsi target2:0:1: Domain Validation skipping write tests
[    4.423971] scsi target2:0:1: Ending Domain Validation
[    4.435877] scsi target2:0:1: asynchronous
[    4.460904] random: fast init done
[    4.472212] sd 2:0:0:0: Attached scsi generic sg0 type 0
[    4.481255] random: systemd-udevd: uninitialized urandom read (16 bytes read)
[    4.483072] sd 2:0:1:0: Attached scsi generic sg1 type 0
[    4.494188] random: systemd-udevd: uninitialized urandom read (16 bytes read)
[    4.522440] random: systemd-udevd: uninitialized urandom read (16 bytes read)
[    4.538208] sd 2:0:0:0: [sda] 83886080 512-byte logical blocks: (42.9 GB/40.0 GiB)
[    4.554112] sd 2:0:1:0: [sdb] 20480 512-byte logical blocks: (10.5 MB/10.0 MiB)
[    4.573760] sd 2:0:0:0: [sda] Write Protect is off
[    4.585140] sd 2:0:1:0: [sdb] Write Protect is off
[    4.599867] sd 2:0:0:0: [sda] Incomplete mode parameter data
[    4.616397] sd 2:0:0:0: [sda] Assuming drive cache: write through
[    4.630904] sd 2:0:1:0: [sdb] Incomplete mode parameter data
[    4.640917] sd 2:0:1:0: [sdb] Assuming drive cache: write through
[    4.671436] sd 2:0:1:0: [sdb] Attached SCSI disk
[    4.684693]  sda: sda1
[    4.694768] sd 2:0:0:0: [sda] Attached SCSI disk
[    4.969503] e1000 0000:00:08.0 eth1: (PCI:33MHz:32-bit) 08:00:27:ca:fd:e2
[    4.978249] e1000 0000:00:08.0 eth1: Intel(R) PRO/1000 Network Connection
[    4.991667] e1000 0000:00:03.0 enp0s3: renamed from eth0
[    5.009451] e1000 0000:00:08.0 enp0s8: renamed from eth1
Begin: Loading essential drivers ... [   13.148032] raid6: sse2x1   gen() 186034 MB/s
[   15.143664] raid6: sse2x1   xor() 120128 MB/s
[   17.146991] raid6: sse2x2   gen() 204821 MB/s
[   17.204788] raid6: sse2x2   xor()  4444 MB/s
[   17.258848] raid6: sse2x4   gen()  7542 MB/s
[   17.312140] raid6: sse2x4   xor()  4940 MB/s
[   17.318089] raid6: using algorithm sse2x2 gen() 204821 MB/s
[   17.325950] raid6: .... xor() 4444 MB/s, rmw enabled
[   17.332902] raid6: using ssse3x2 recovery algorithm
[   17.344530] xor: measuring software checksum speed
[   17.388174]    prefetch64-sse: 11283.000 MB/sec
[   17.432173]    generic_sse: 15339.000 MB/sec
[   17.437990] xor: using function: generic_sse (15339.000 MB/sec)
[   17.450192] async_tx: api initialized (async)
done.
Begin: Running /scripts/init-premount ... done.
Begin: Mounting root file system ... Begin: Running /scripts/local-top ... done.
Begin: Running /scripts/local-premount ... [   17.549575] Btrfs loaded, crc32c=crc32c-intel
Scanning for Btrfs filesystems
done.
Warning: fsck not present, so skipping root file system
[   17.631475] EXT4-fs (sda1): mounted filesystem with ordered data mode. Opts: (null)
done.
Begin: Running /scripts/local-bottom ... done.
Begin: Running /scripts/init-bottom ... done.
[   18.038398] ip_tables: (C) 2000-2006 Netfilter Core Team
[   18.071658] systemd[1]: systemd 237 running in system mode. (+PAM +AUDIT +SELINUX +IMA +APPARMOR +SMACK +SYSVINIT +UTMP +LIBCRYPTSETUP +GCRYPT +GNUTLS +ACL +XZ +LZ4 +SECCOMP +BLKID +ELFUTILS +KMOD -IDN2 +IDN -PCRE2 default-hierarchy=hybrid)
[   18.102695] systemd[1]: Detected virtualization oracle.
[   18.111165] systemd[1]: Detected architecture x86-64.

Welcome to [1mUbuntu 18.04.6 LTS[0m!

[   18.174050] systemd[1]: Set hostname to <ubuntu>.
[   18.193180] systemd[1]: Initializing machine ID from random generator.
[   18.203294] systemd[1]: Installed transient /etc/machine-id file.
[   18.750382] systemd[1]: Reached target Swap.
[[0;32m  OK  [0m] Reached target Swap.
[   18.760976] systemd[1]: Reached target System Time Synchronized.
[[0;32m  OK  [0m] Reached target System Time Synchronized.
[   18.774469] systemd[1]: Set up automount Arbitrary Executable File Formats File System Automount Point.
[[0;32m  OK  [0m] Set up automount Arbitrary Executab…rmats File System Automount Point.
[   18.794546] systemd[1]: Started Forward Password Requests to Wall Directory Watch.
[[0;32m  OK  [0m] Started Forward Password Requests to Wall Directory Watch.
[[0;32m  OK  [0m] Created slice User and Session Slice.
[[0;32m  OK  [0m] Created slice System Slice.
[[0;32m  OK  [0m] Listening on Network Service Netlink Socket.
[[0;32m  OK  [0m] Listening on fsck to fsckd communication Socket.
[[0;32m  OK  [0m] Listening on Syslog Socket.
[[0;32m  OK  [0m] Listening on udev Control Socket.
[[0;32m  OK  [0m] Reached target Slices.
[[0;32m  OK  [0m] Listening on LVM2 poll daemon socket.
[[0;32m  OK  [0m] Listening on Journal Socket.
         Starting File System Check on Root Device...
         Starting Uncomplicated firewall...
         Mounting Huge Pages File System...
         Starting Set the console keyboard layout...
[[0;32m  OK  [0m] Listening on Device-mapper event daemon FIFOs.
         Mounting POSIX Message Queue File System...
         Starting Load Kernel Modules...
[[0;32m  OK  [0m] Listening on Journal Socket (/dev/log).
         Mounting Kernel Debug File System...
[[0;32m  OK  [0m] Created slice system-serial\x2dgetty.slice.
[[0;32m  OK  [0m] Listening on Journal Audit Socket.
         Starting Journal Service...
[[0;32m  OK  [0m] Listening on udev Kernel Socket.
         Starting udev Coldplug all Devices...
[[0;32m  OK  [0m] Reached target User and Group Name Lookups.
         Starting Create list of required st…ce nodes for the current kernel...
[[0;32m  OK  [0m] Listening on /dev/initctl Compatibility Named Pipe.
[[0;32m  OK  [0m] Listening on LVM2 metadata daemon socket.
         Starting Monitoring of LVM2 mirrors…ng dmeventd or progress polling...
[[0;32m  OK  [0m] Started Uncomplicated firewall.
[[0;32m  OK  [0m] Mounted Huge Pages File System.
[[0;32m  OK  [0m] Mounted POSIX Message Queue File System.
[[0;32m  OK  [0m] Mounted Kernel Debug File System.
[[0;32m  OK  [0m] Started File System Check Daemon to report status.
[[0;32m  OK  [0m] Started File System Check on Root Device.
[   19.100631] Loading iSCSI transport class v2.0-870.
         Starting Remount Root and Kernel File Systems...
[[0;32m  OK  [0m] Started Create list of required sta…vice nodes for the current kernel.
         Starting Create Static Device Nodes in /dev...
[[0;32m  OK  [0m] Started udev Coldplug all Devices.
[[0;32m  OK  [0m] Started Journal Service.
[[0;32m  OK  [0m] Started Create Static Device Nodes in /dev.
[   21.398503] EXT4-fs (sda1): re-mounted. Opts: (null)
[[0;32m  OK  [0m] Started Remount Root and Kernel File Systems.
         Starting Flush Journal to Persistent Storage...
[   21.452182] iscsi: registered transport (tcp)
         Starting udev Kernel Device Manager...
         Starting Load/Save Random Seed...
[[0;32m  OK  [0m] Started LVM2 metadata daemon.
[   21.508693] systemd-journald[396]: Received request to flush runtime journal from PID 1
[[0;32m  OK  [0m] Started Load/Save Random Seed.
[[0;32m  OK  [0m] Started Monitoring of LVM2 mirrors,…sing dmeventd or progress polling.
[[0;32m  OK  [0m] Started udev Kernel Device Manager.
[   22.402945] random: crng init done
[   22.409187] random: 7 urandom warning(s) missed due to ratelimiting
[[0;32m  OK  [0m] Started Flush Journal to Persistent Storage.
[   22.739481] iscsi: registered transport (iser)
[[0;32m  OK  [0m] Started Load Kernel Modules.
[   22.796969] ACPI: Video Device [GFX0] (multi-head: yes  rom: no  post: no)
[   22.807029] input: Video Bus as /devices/LNXSYSTM:00/LNXSYBUS:00/PNP0A03:00/LNXVIDEO:00/input/input5
         Starting Apply Kernel Variables...
         Mounting FUSE Control File System...
         Mounting Kernel Configuration File System...
[[0;32m  OK  [0m] Mounted FUSE Control File System.
[[0;32m  OK  [0m] Mounted Kernel Configuration File System.
[[0;32m  OK  [0m] Found device /dev/ttyS0.
[   25.224752] vgdrvHeartbeatInit: Setting up heartbeat to trigger every 2000 milliseconds
[   25.237664] input: Unspecified device as /devices/pci0000:00/0000:00:04.0/input/input6
[   25.251082] vboxguest: misc device minor 56, IRQ 20, I/O port d020, MMIO at 00000000f0400000 (size 0x400000)
[[0;32m  OK  [0m] Listening on Load/Save RF Kill Switch Status /dev/rfkill Watch.
[[0;32m  OK  [0m] Started Apply Kernel Variables.
[[0;32m  OK  [0m] Started Set the console keyboard layout.
[[0;32m  OK  [0m] Started Dispatch Password Requests to Console Directory Watch.
[[0;32m  OK  [0m] Reached target Local Encrypted Volumes.
[[0;32m  OK  [0m] Reached target Local File Systems (Pre).
[[0;32m  OK  [0m] Reached target Local File Systems.
         Starting Set console font and keymap...
         Starting ebtables ruleset management...
         Starting AppArmor initialization...
         Starting Commit a transient machine-id on disk...
         Starting Tell Plymouth To Write Out Runtime Data...
         Starting Create Volatile Files and Directories...
[[0;32m  OK  [0m] Started Set console font and keymap.
[[0;32m  OK  [0m] Started Tell Plymouth To Write Out Runtime Data.
[[0;32m  OK  [0m] Started Create Volatile Files and Directories.
[[0;32m  OK  [0m] Started Commit a transient machine-id on disk.
         Starting Update UTMP about System Boot/Shutdown...
[[0;32m  OK  [0m] Started Update UTMP about System Boot/Shutdown.
[[0;32m  OK  [0m] Started ebtables ruleset management.
[[0;32m  OK  [0m] Started AppArmor initialization.
         Starting Initial cloud-init job (pre-networking)...
         Starting Load AppArmor profiles managed internally by snapd...
[[0;32m  OK  [0m] Started Load AppArmor profiles managed internally by snapd.
[   30.584738] cloud-init[580]: Cloud-init v. 22.1-14-g2e17a0d6-0ubuntu1~18.04.3 running 'init-local' at Wed, 25 May 2022 08:20:14 +0000. Up 29.97 seconds.
[[0;32m  OK  [0m] Started Initial cloud-init job (pre-networking).
[[0;32m  OK  [0m] Reached target Network (Pre).
         Starting Network Service...
[[0;32m  OK  [0m] Started Network Service.
         Starting Wait for Network to be Configured...
         Starting Network Name Resolution...
[[0;32m  OK  [0m] Started Network Name Resolution.
[[0;32m  OK  [0m] Reached target Host and Network Name Lookups.
[[0;32m  OK  [0m] Reached target Network.
[[0;32m  OK  [0m] Started Wait for Network to be Configured.
         Starting Initial cloud-init job (metadata service crawler)...
[   33.143973] cloud-init[748]: Cloud-init v. 22.1-14-g2e17a0d6-0ubuntu1~18.04.3 running 'init' at Wed, 25 May 2022 08:20:17 +0000. Up 32.78 seconds.
[   33.159207] cloud-init[748]: ci-info: ++++++++++++++++++++++++++++++++++++++Net device info+++++++++++++++++++++++++++++++++++++++
[   33.167371] cloud-init[748]: ci-info: +--------+-------+----------------------------+---------------+--------+-------------------+
[   33.174671] cloud-init[748]: ci-info: | Device |   Up  |          Address           |      Mask     | Scope  |     Hw-Address    |
[   33.182970] cloud-init[748]: ci-info: +--------+-------+----------------------------+---------------+--------+-------------------+
[   33.191231] cloud-init[748]: ci-info: | enp0s3 |  True |         10.0.2.15          | 255.255.255.0 | global | 02:7b:b6:d3:df:31 |
[   33.198959] cloud-init[748]: ci-info: | enp0s3 |  True | fe80::7b:b6ff:fed3:df31/64 |       .       |  link  | 02:7b:b6:d3:df:31 |
[   33.206712] cloud-init[748]: ci-info: | enp0s8 | False |             .              |       .       |   .    | 08:00:27:ca:fd:e2 |
[   33.214330] cloud-init[748]: ci-info: |   lo   |  True |         127.0.0.1          |   255.0.0.0   |  host  |         .         |
[   33.221890] cloud-init[748]: ci-info: |   lo   |  True |          ::1/128           |       .       |  host  |         .         |
[   33.229019] cloud-init[748]: ci-info: +--------+-------+----------------------------+---------------+--------+-------------------+
[   33.236037] cloud-init[748]: ci-info: ++++++++++++++++++++++++++++Route IPv4 info+++++++++++++++++++++++++++++
[   33.242541] cloud-init[748]: ci-info: +-------+-------------+----------+-----------------+-----------+-------+
[   33.248682] cloud-init[748]: ci-info: | Route | Destination | Gateway  |     Genmask     | Interface | Flags |
[   33.254925] cloud-init[748]: ci-info: +-------+-------------+----------+-----------------+-----------+-------+
[   33.261353] cloud-init[748]: ci-info: |   0   |   0.0.0.0   | 10.0.2.2 |     0.0.0.0     |   enp0s3  |   UG  |
[   33.270359] cloud-init[748]: ci-info: |   1   |   10.0.2.0  | 0.0.0.0  |  255.255.255.0  |   enp0s3  |   U   |
[   33.278004] cloud-init[748]: ci-info: |   2   |   10.0.2.2  | 0.0.0.0  | 255.255.255.255 |   enp0s3  |   UH  |
[   33.286890] cloud-init[748]: ci-info: +-------+-------------+----------+-----------------+-----------+-------+
[   33.293430] cloud-init[748]: ci-info: +++++++++++++++++++Route IPv6 info+++++++++++++++++++
[   33.299321] cloud-init[748]: ci-info: +-------+-------------+---------+-----------+-------+
[   33.304795] cloud-init[748]: ci-info: | Route | Destination | Gateway | Interface | Flags |
[   33.310642] cloud-init[748]: ci-info: +-------+-------------+---------+-----------+-------+
[   33.316087] cloud-init[748]: ci-info: |   1   |  fe80::/64  |    ::   |   enp0s3  |   U   |
[   33.321781] cloud-init[748]: ci-info: |   3   |    local    |    ::   |   enp0s3  |   U   |
[   33.327177] cloud-init[748]: ci-info: |   4   |   ff00::/8  |    ::   |   enp0s3  |   U   |
[   33.333180] cloud-init[748]: ci-info: +-------+-------------+---------+-----------+-------+
[   35.043176] cloud-init[748]: Generating public/private rsa key pair.
[   35.114785] cloud-init[748]: Your identification has been saved in /etc/ssh/ssh_host_rsa_key.
[   35.121017] cloud-init[748]: Your public key has been saved in /etc/ssh/ssh_host_rsa_key.pub.
[   35.127867] [cloud-init[0;32m  OK  [0m[748]: ] The key fingerprint is:Started Initial cloud-init job (metadata service crawler).

[   35.136149] cloud-init[748]: SHA256:54/BI6LoiDtH0rd4FasK2RCWuIVy6JHhJv3Z8UaDRw8 root@ubuntu-bionic
[[0;32m  OK  [0m] Reached target System Initialization.
[   35.136875] cloud-init[748]: The key's randomart image is:
[   35.150390] cloud-init[748]: +---[RSA 2048]----+
[   35.154104] cloud-init[748]: | .      E        |
[   35.157657] cloud-init[748]: |o++    o o       |
[[0;32m  OK  [0m] Started Trigger to poll for Ubuntu …(Only enabled on GCP LTS non-pro).
         Starting Socket activation for snappy daemon.
[[0;32m  OK  [0m] Listening on ACPID Listen Socket.
[[0;32m  OK  [0m] Listening on cloud-init hotplug hook socket.
[[0;32m  OK  [0m] Started Discard unused blocks once a week.
[[0;32m  OK  [0m] Listening on UUID daemon activation socket.
[[0;32m  OK  [0m] Listening on D-Bus System Message Bus Socket.
[   35.166943] cloud-init[748]: |BB+   o + .      |
[   36.645852] cloud-init[748]: |*=.. o.= .       |
[   36.649723] cloud-init[748]: |oo  o .oS .      |
[[0;32m  OK  [0m] Started ACPI Events Check.
[[0;32m  OK  [0m] Listening on Open-iSCSI iscsid Socket.
[[0;32m  OK  [0m] Reached target Paths.
[   36.662227] cloud-init[748]: |.+o . o. +       |
         Starting LXD - unix socket.
[[0;32m  OK  [0m] Started Daily apt download activities.
[[0;32m  OK  [0m] Started Ubuntu Advantage Timer for running repeated jobs.
[[0;32m  OK  [0m] Started Daily apt upgrade and clean activities.
[[0;32m  OK  [0m] Started Daily Cleanup of Temporary Directories.
[[0;32m  OK  [0m] Started Message of the Day.
[[0;32m  OK  [0m] Reached target Timers.
[[0;32m  OK  [0m] Reached target Cloud-config availability.
[   36.688288] cloud-init[748]: |oo.o +. . =      |
[   36.731060] cloud-init[748]: |ooo.+. . . =     |
[[0;32m  OK  [0m] Reached target Network is Online.
[   36.737131] cloud-init[748]: |+=+o.     . .    |
[   36.743235] cloud-init[748]: +----[SHA256]-----+
[   36.746343] cloud-init[748]: Generating public/private dsa key pair.
[[0;32m  OK  [0m] Reached target Remote File Systems (Pre).
[[0;32m  OK  [0m] Reached target Remote File Systems.
[   36.752908] cloud-init[748]: Your identification has been saved in /etc/ssh/ssh_host_dsa_key.
[   36.767235] cloud-init[748]: Your public key has been saved in /etc/ssh/ssh_host_dsa_key.pub.
         Starting Availability of block devices...
[   36.788544] cloud-init[748]: The key fingerprint is:
[   36.791984] [cloud-init[0;32m  OK  [0m[748]: ] SHA256:Fh/O00JrhB3BpXY3POjM/vnDJISwC4q6Pd96hAH4U3E root@ubuntu-bionicListening on Socket activation for snappy daemon.

[[0;32m  OK  [0m] Listening on LXD - unix socket.
[   36.799473] cloud-init[748]: The key's randomart image is:
[   36.806671] [cloud-init[0;32m  OK  [0m[748]: ] +---[DSA 1024]----+Started Availability of block devices.

[[   36.813725] [0;32m  OK  [0mcloud-init] [748]: Reached target Sockets.|  .  ..E .oo.    |

[[   36.820084] [0;32m  OK  [0mcloud-init] [748]: Reached target Basic System.| . . ..  +.o o   |

[   36.826348] cloud-init[748]: |  . o   o X + =  |
[   36.848140] cloud-init[748]: |   o . . X X o o |
[[0;32m  OK  [0m] Started Deferred execution scheduler.
[   36.848373] cloud-init[748]: |    o + S X *    |
[   36.858346] cloud-init[748]: |   . o o o + . . |
         Starting LSB: Record successful boot for GRUB...
[   36.858557] cloud-init[748]: |  .   .     . +  |
[   36.871914] cloud-init[748]: | ...  ..     . + |
         Starting Accounts Service...
[   36.876001] cloud-init[748]: | ...ooo.      o.o|
[   36.884905] cloud-init[748]: +----[SHA256]-----+
[   36.889552] cloud-init[748]: Generating public/private ecdsa key pair.
[   36.896774] cloud-init[748]: Your identification has been saved in /etc/ssh/ssh_host_ecdsa_key.
[   36.903550] cloud-init[748]: Your public key has been saved in /etc/ssh/ssh_host_ecdsa_key.pub.
[   36.910250] cloud-init[748]: The key fingerprint is:
[   36.913508] cloud-init[748]: SHA256:zmWgjU23wH6Aer4Gb0D8KKgr/BmCuq7eOvAaCqtWiTU root@ubuntu-bionic
[   36.919140] cloud-init[748]: The key's randomart image is:
[   36.923151] cloud-init[748]: +---[ECDSA 256]---+
[   36.927143] cloud-init[748]: |                 |
[[0;32m  OK  [0m] Started Regular background program processing daemon.
[   36.943092] cloud-init[748]: |       o         |
         Starting LXD - container startup/shutdown...
[   36.954314] cloud-init[748]: |   .  . * .      |
         Starting System Logging Service...
[   36.980070] cloud-init[748]: |   Eo. B = .     |
[   36.993019] cloud-init[748]: | .o.+o+ S =      |
[   37.000199] cloud-init[748]: |+..o+o.o +       |
[   37.008030] cloud-init[748]: |Bo.o +. o        |
[   37.011447] cloud-init[748]: |**+ o +.         |
[   37.015426] cloud-init[748]: |^B++ o.          |
[   37.020414] cloud-init[748]: +----[SHA256]-----+
[   37.023886] cloud-init[748]: Generating public/private ed25519 key pair.
[   37.027833] cloud-init[748]: Your identification has been saved in /etc/ssh/ssh_host_ed25519_key.
[   37.038920] cloud-init[748]: Your public key has been saved in /etc/ssh/ssh_host_ed25519_key.pub.
[   37.045957] cloud-init[748]: The key fingerprint is:
[   37.049165] cloud-init[748]: SHA256:u3RSpVFQyPtVjRefDgN43ARbBp7s8ymgAB/FzdcEi/Y root@ubuntu-bionic
[   37.056552] cloud-init[748]: The key's randomart image is:
[   37.061145] cloud-init[748]: +--[ED25519 256]--+
[   37.064621] cloud-init[748]: |      ..o.+O@= oo|
[   37.077041] cloud-init[748]: |      .. +*=Bo. *|
[   37.086750] cloud-init[748]: |   . .   o+B.o +.|
         Starting Pollinate to seed the pseudo random number generator...
         Starting Virtualbox guest utils...
[[0;32m  OK  [0m] Started D-Bus System Message Bus.
[   37.094050] cloud-init[748]: |    o . . ++  =  |
[   37.128144] cloud-init[748]: |     o  S.oE . . |
[   37.132275] cloud-init[748]: |      . .o. + .  |
[   37.136014] cloud-init[748]: |       .+ .. o   |
[   37.139518] cloud-init[748]: |       . +  .    |
[   37.145648] cloud-init[748]: |        .        |
[   37.149797] cloud-init[748]: +----[SHA256]-----+
[[0;32m  OK  [0m] Started FUSE filesystem for LXC.
[[0;32m  OK  [0m] Started irqbalance daemon.
         Starting Dispatcher daemon for systemd-networkd...
         Starting Login Service...
         Starting LSB: automatic crash report generation...
         Starting Permit User Sessions...
         Starting Snap Daemon...
[[0;32m  OK  [0m] Started System Logging Service.
[[0;32m  OK  [0m] Started Permit User Sessions.
[[0;32m  OK  [0m] Started Login Service.
[[0;32m  OK  [0m] Started Unattended Upgrades Shutdown.
         Starting Authorization Manager...
         Starting Terminate Plymouth Boot Screen...
         Starting Hold until boot process finishes up...
[[0;32m  OK  [0m] Started Terminate Plymouth Boot Screen.
[[0;32m  OK  [0m] Started Hold until boot process finishes up.
[[0;32m  OK  [0m] Started Serial Getty on ttyS0.
         Starting Set console scheme...
[[0;32m  OK  [0m] Started Authorization Manager.
[[0;32m  OK  [0m] Started Accounts Service.
[[0;32m  OK  [0m] Started Set console scheme.
[[0;32m  OK  [0m] Created slice system-getty.slice.
[[0;32m  OK  [0m] Started Getty on tty1.
[[0;32m  OK  [0m] Reached target Login Prompts.
[[0;32m  OK  [0m] Started LSB: automatic crash report generation.
[[0;32m  OK  [0m] Started LSB: Record successful boot for GRUB.
[[0;32m  OK  [0m] Started LXD - container startup/shutdown.
[[0;32m  OK  [0m] Started Virtualbox guest utils.
[[0;32m  OK  [0m] Started Dispatcher daemon for systemd-networkd.
[[0;32m  OK  [0m] Started Snap Daemon.
         Starting Wait until snapd is fully seeded...
[[0;32m  OK  [0m] Started Pollinate to seed the pseudo random number generator.
         Starting OpenBSD Secure Shell server...
[[0;32m  OK  [0m] Started OpenBSD Secure Shell server.
         Starting Time & Date Service...
[[0;32m  OK  [0m] Started Time & Date Service.
[[0;32m  OK  [0m] Created slice User Slice of vagrant.
         Starting User Manager for UID 1000...
[[0;32m  OK  [0m] Started Session 1 of user vagrant.
[[0;32m  OK  [0m] Started User Manager for UID 1000.
[[0;32m  OK  [0m] Started Wait until snapd is fully seeded.
[[0;32m  OK  [0m] Reached target Multi-User System.
[[0;32m  OK  [0m] Reached target Graphical Interface.
         Starting Update UTMP about System Runlevel Changes...
         Starting Apply the settings specified in cloud-config...
[[0;32m  OK  [0m] Started Update UTMP about System Runlevel Changes.

Ubuntu 18.04.6 LTS ubuntu-bionic ttyS0

ubuntu-bionic login: [   45.172494] cloud-init[1486]: Cloud-init v. 22.1-14-g2e17a0d6-0ubuntu1~18.04.3 running 'modules:config' at Wed, 25 May 2022 08:20:28 +0000. Up 43.57 seconds.
ci-info: no authorized SSH keys fingerprints found for user ubuntu.
<14>May 25 08:20:30 cloud-init: #############################################################
<14>May 25 08:20:30 cloud-init: -----BEGIN SSH HOST KEY FINGERPRINTS-----
<14>May 25 08:20:30 cloud-init: 1024 SHA256:Fh/O00JrhB3BpXY3POjM/vnDJISwC4q6Pd96hAH4U3E root@ubuntu-bionic (DSA)
<14>May 25 08:20:30 cloud-init: 256 SHA256:zmWgjU23wH6Aer4Gb0D8KKgr/BmCuq7eOvAaCqtWiTU root@ubuntu-bionic (ECDSA)
<14>May 25 08:20:30 cloud-init: 256 SHA256:u3RSpVFQyPtVjRefDgN43ARbBp7s8ymgAB/FzdcEi/Y root@ubuntu-bionic (ED25519)
<14>May 25 08:20:30 cloud-init: 2048 SHA256:54/BI6LoiDtH0rd4FasK2RCWuIVy6JHhJv3Z8UaDRw8 root@ubuntu-bionic (RSA)
<14>May 25 08:20:30 cloud-init: -----END SSH HOST KEY FINGERPRINTS-----
<14>May 25 08:20:30 cloud-init: #############################################################
-----BEGIN SSH HOST KEY KEYS-----
ecdsa-sha2-nistp256 AAAAE2VjZHNhLXNoYTItbmlzdHAyNTYAAAAIbmlzdHAyNTYAAABBBMFqKYKcaXFcpaoVAwFw7m54rzO4mMM3tAGkj4qNHRxo8ZXPtO831hSdEhvI4Ao09bKHX3LRDRly0Vn4tfpv9Lg= root@ubuntu-bionic
ssh-ed25519 AAAAC3NzaC1lZDI1NTE5AAAAIONfqo9pU06Xkfmwhna8pdqdatpmq28MOIgfvTJWMJuy root@ubuntu-bionic
ssh-rsa AAAAB3NzaC1yc2EAAAADAQABAAABAQC8343+duU+RwkG9dZGGTYGKh2w3/4pkTtjEtKODnGeMg+3e5HJs4sxHC4U5ZimucBqlws1l53+ilW9mAZEsMKC8ndd/7HywaYJWpB8Y5khE35PSCYLiVhcE5+z4K5TkCTs3QcUAi8BUYfc6V/jsAXPVOfNIkVxDNxLtv2fvbUtc4we+vIXC68RsoZ2F4EjysNCp8zK3xKKS2S14zMaQS1MQ+cgqwIT1n+uzVVeS3LsQcGqToFIk3Pksrwy8HKkFRgkRYQwlDs+yeIDREMHrHY8eTIAO4Ow2bukA6qslHIwWTS+/9TrEL/sDvc8S8d2h2I3YFuEfMFp8ueGKJRqRSnV root@ubuntu-bionic
-----END SSH HOST KEY KEYS-----
[   46.182524] cloud-init[1592]: Cloud-init v. 22.1-14-g2e17a0d6-0ubuntu1~18.04.3 running 'modules:final' at Wed, 25 May 2022 08:20:30 +0000. Up 45.83 seconds.
[   46.182885] cloud-init[1592]: Cloud-init v. 22.1-14-g2e17a0d6-0ubuntu1~18.04.3 finished at Wed, 25 May 2022 08:20:30 +0000. Datasource DataSourceNoCloud [seed=/dev/sdb][dsmode=net].  Up 46.17 seconds
